[debug] [2023-09-25T20:14:00.937Z] ----------------------------------------------------------------------
[debug] [2023-09-25T20:14:00.939Z] Command:       C:\Program Files\nodejs\node.exe C:\Users\mainf\AppData\Roaming\npm\node_modules\firebase-tools\lib\bin\firebase.js init
[debug] [2023-09-25T20:14:00.939Z] CLI Version:   12.5.4
[debug] [2023-09-25T20:14:00.939Z] Platform:      win32
[debug] [2023-09-25T20:14:00.939Z] Node Version:  v16.16.0
[debug] [2023-09-25T20:14:00.940Z] Time:          Mon Sep 25 2023 22:14:00 GMT+0200 (Mitteleuropäische Sommerzeit)
[debug] [2023-09-25T20:14:00.940Z] ----------------------------------------------------------------------
[debug] 
[debug] [2023-09-25T20:14:01.000Z] > command requires scopes: ["email","openid","https://www.googleapis.com/auth/cloudplatformprojects.readonly","https://www.googleapis.com/auth/firebase","https://www.googleapis.com/auth/cloud-platform"]
[debug] [2023-09-25T20:14:01.001Z] > authorizing via signed-in user (mainfake22@gmail.com)
[info] 
     ######## #### ########  ######## ########     ###     ######  ########
     ##        ##  ##     ## ##       ##     ##  ##   ##  ##       ##
     ######    ##  ########  ######   ########  #########  ######  ######
     ##        ##  ##    ##  ##       ##     ## ##     ##       ## ##
     ##       #### ##     ## ######## ########  ##     ##  ######  ########

You're about to initialize a Firebase project in this directory:

  C:\Users\mainf\Desktop\FH Technikum Offline\cross2

Before we get started, keep in mind:

  * You are initializing within an existing Firebase project directory

